[2022-11-04T19:37:12.141+0000] {processor.py:154} INFO - Started process (PID=66) to work on /home/airflow/.local/lib/python3.7/site-packages/airflow/example_dags/example_passing_params_via_test_command.py
[2022-11-04T19:37:12.143+0000] {processor.py:756} INFO - Processing file /home/airflow/.local/lib/python3.7/site-packages/airflow/example_dags/example_passing_params_via_test_command.py for tasks to queue
[2022-11-04T19:37:12.146+0000] {logging_mixin.py:120} INFO - [2022-11-04T19:37:12.145+0000] {dagbag.py:537} INFO - Filling up the DagBag from /home/airflow/.local/lib/python3.7/site-packages/airflow/example_dags/example_passing_params_via_test_command.py
[2022-11-04T19:37:12.297+0000] {processor.py:766} INFO - DAG(s) dict_keys(['example_passing_params_via_test_command']) retrieved from /home/airflow/.local/lib/python3.7/site-packages/airflow/example_dags/example_passing_params_via_test_command.py
[2022-11-04T19:37:12.864+0000] {logging_mixin.py:120} INFO - [2022-11-04T19:37:12.864+0000] {manager.py:507} INFO - Created Permission View: can read on DAG:example_passing_params_via_test_command
[2022-11-04T19:37:12.892+0000] {logging_mixin.py:120} INFO - [2022-11-04T19:37:12.892+0000] {manager.py:507} INFO - Created Permission View: can edit on DAG:example_passing_params_via_test_command
[2022-11-04T19:37:12.912+0000] {logging_mixin.py:120} INFO - [2022-11-04T19:37:12.912+0000] {manager.py:507} INFO - Created Permission View: can delete on DAG:example_passing_params_via_test_command
[2022-11-04T19:37:12.913+0000] {logging_mixin.py:120} INFO - [2022-11-04T19:37:12.913+0000] {dag.py:2585} INFO - Sync 1 DAGs
[2022-11-04T19:37:12.979+0000] {logging_mixin.py:120} INFO - [2022-11-04T19:37:12.979+0000] {dag.py:2606} INFO - Creating ORM DAG for example_passing_params_via_test_command
[2022-11-04T19:37:13.112+0000] {logging_mixin.py:120} INFO - [2022-11-04T19:37:13.112+0000] {dag.py:3340} INFO - Setting next_dagrun for example_passing_params_via_test_command to 2022-11-04T19:36:00+00:00, run_after=2022-11-04T19:37:00+00:00
[2022-11-04T19:37:13.247+0000] {processor.py:176} INFO - Processing /home/airflow/.local/lib/python3.7/site-packages/airflow/example_dags/example_passing_params_via_test_command.py took 1.113 seconds
[2022-11-04T19:37:43.512+0000] {processor.py:154} INFO - Started process (PID=126) to work on /home/airflow/.local/lib/python3.7/site-packages/airflow/example_dags/example_passing_params_via_test_command.py
[2022-11-04T19:37:43.515+0000] {processor.py:756} INFO - Processing file /home/airflow/.local/lib/python3.7/site-packages/airflow/example_dags/example_passing_params_via_test_command.py for tasks to queue
[2022-11-04T19:37:43.518+0000] {logging_mixin.py:120} INFO - [2022-11-04T19:37:43.518+0000] {dagbag.py:537} INFO - Filling up the DagBag from /home/airflow/.local/lib/python3.7/site-packages/airflow/example_dags/example_passing_params_via_test_command.py
[2022-11-04T19:37:43.612+0000] {processor.py:766} INFO - DAG(s) dict_keys(['example_passing_params_via_test_command']) retrieved from /home/airflow/.local/lib/python3.7/site-packages/airflow/example_dags/example_passing_params_via_test_command.py
[2022-11-04T19:37:43.725+0000] {logging_mixin.py:120} INFO - [2022-11-04T19:37:43.724+0000] {dag.py:2585} INFO - Sync 1 DAGs
[2022-11-04T19:37:43.777+0000] {logging_mixin.py:120} INFO - [2022-11-04T19:37:43.777+0000] {dag.py:3340} INFO - Setting next_dagrun for example_passing_params_via_test_command to 2022-11-04T19:36:00+00:00, run_after=2022-11-04T19:37:00+00:00
[2022-11-04T19:37:43.804+0000] {processor.py:176} INFO - Processing /home/airflow/.local/lib/python3.7/site-packages/airflow/example_dags/example_passing_params_via_test_command.py took 0.306 seconds
[2022-11-04T19:38:14.242+0000] {processor.py:154} INFO - Started process (PID=178) to work on /home/airflow/.local/lib/python3.7/site-packages/airflow/example_dags/example_passing_params_via_test_command.py
[2022-11-04T19:38:14.244+0000] {processor.py:756} INFO - Processing file /home/airflow/.local/lib/python3.7/site-packages/airflow/example_dags/example_passing_params_via_test_command.py for tasks to queue
[2022-11-04T19:38:14.245+0000] {logging_mixin.py:120} INFO - [2022-11-04T19:38:14.244+0000] {dagbag.py:537} INFO - Filling up the DagBag from /home/airflow/.local/lib/python3.7/site-packages/airflow/example_dags/example_passing_params_via_test_command.py
[2022-11-04T19:38:14.266+0000] {processor.py:766} INFO - DAG(s) dict_keys(['example_passing_params_via_test_command']) retrieved from /home/airflow/.local/lib/python3.7/site-packages/airflow/example_dags/example_passing_params_via_test_command.py
[2022-11-04T19:38:14.309+0000] {logging_mixin.py:120} INFO - [2022-11-04T19:38:14.309+0000] {dag.py:2585} INFO - Sync 1 DAGs
[2022-11-04T19:38:14.335+0000] {logging_mixin.py:120} INFO - [2022-11-04T19:38:14.335+0000] {dag.py:3340} INFO - Setting next_dagrun for example_passing_params_via_test_command to 2022-11-04T19:37:00+00:00, run_after=2022-11-04T19:38:00+00:00
[2022-11-04T19:38:14.362+0000] {processor.py:176} INFO - Processing /home/airflow/.local/lib/python3.7/site-packages/airflow/example_dags/example_passing_params_via_test_command.py took 0.128 seconds
[2022-11-04T19:39:11.863+0000] {processor.py:154} INFO - Started process (PID=244) to work on /home/airflow/.local/lib/python3.7/site-packages/airflow/example_dags/example_passing_params_via_test_command.py
[2022-11-04T19:39:11.868+0000] {processor.py:756} INFO - Processing file /home/airflow/.local/lib/python3.7/site-packages/airflow/example_dags/example_passing_params_via_test_command.py for tasks to queue
[2022-11-04T19:39:11.870+0000] {logging_mixin.py:120} INFO - [2022-11-04T19:39:11.869+0000] {dagbag.py:537} INFO - Filling up the DagBag from /home/airflow/.local/lib/python3.7/site-packages/airflow/example_dags/example_passing_params_via_test_command.py
[2022-11-04T19:39:11.909+0000] {processor.py:766} INFO - DAG(s) dict_keys(['example_passing_params_via_test_command']) retrieved from /home/airflow/.local/lib/python3.7/site-packages/airflow/example_dags/example_passing_params_via_test_command.py
[2022-11-04T19:39:11.968+0000] {logging_mixin.py:120} INFO - [2022-11-04T19:39:11.968+0000] {dag.py:2585} INFO - Sync 1 DAGs
[2022-11-04T19:39:12.020+0000] {logging_mixin.py:120} INFO - [2022-11-04T19:39:12.020+0000] {dag.py:3340} INFO - Setting next_dagrun for example_passing_params_via_test_command to 2022-11-04T19:38:00+00:00, run_after=2022-11-04T19:39:00+00:00
[2022-11-04T19:39:12.066+0000] {processor.py:176} INFO - Processing /home/airflow/.local/lib/python3.7/site-packages/airflow/example_dags/example_passing_params_via_test_command.py took 0.209 seconds
[2022-11-04T19:39:42.233+0000] {processor.py:154} INFO - Started process (PID=304) to work on /home/airflow/.local/lib/python3.7/site-packages/airflow/example_dags/example_passing_params_via_test_command.py
[2022-11-04T19:39:42.234+0000] {processor.py:756} INFO - Processing file /home/airflow/.local/lib/python3.7/site-packages/airflow/example_dags/example_passing_params_via_test_command.py for tasks to queue
[2022-11-04T19:39:42.235+0000] {logging_mixin.py:120} INFO - [2022-11-04T19:39:42.235+0000] {dagbag.py:537} INFO - Filling up the DagBag from /home/airflow/.local/lib/python3.7/site-packages/airflow/example_dags/example_passing_params_via_test_command.py
[2022-11-04T19:39:42.260+0000] {processor.py:766} INFO - DAG(s) dict_keys(['example_passing_params_via_test_command']) retrieved from /home/airflow/.local/lib/python3.7/site-packages/airflow/example_dags/example_passing_params_via_test_command.py
[2022-11-04T19:39:42.303+0000] {logging_mixin.py:120} INFO - [2022-11-04T19:39:42.302+0000] {dag.py:2585} INFO - Sync 1 DAGs
[2022-11-04T19:39:42.332+0000] {logging_mixin.py:120} INFO - [2022-11-04T19:39:42.332+0000] {dag.py:3340} INFO - Setting next_dagrun for example_passing_params_via_test_command to 2022-11-04T19:38:00+00:00, run_after=2022-11-04T19:39:00+00:00
[2022-11-04T19:39:42.391+0000] {processor.py:176} INFO - Processing /home/airflow/.local/lib/python3.7/site-packages/airflow/example_dags/example_passing_params_via_test_command.py took 0.160 seconds
[2022-11-04T19:40:20.644+0000] {processor.py:154} INFO - Started process (PID=372) to work on /home/airflow/.local/lib/python3.7/site-packages/airflow/example_dags/example_passing_params_via_test_command.py
[2022-11-04T19:40:20.645+0000] {processor.py:756} INFO - Processing file /home/airflow/.local/lib/python3.7/site-packages/airflow/example_dags/example_passing_params_via_test_command.py for tasks to queue
[2022-11-04T19:40:20.646+0000] {logging_mixin.py:120} INFO - [2022-11-04T19:40:20.646+0000] {dagbag.py:537} INFO - Filling up the DagBag from /home/airflow/.local/lib/python3.7/site-packages/airflow/example_dags/example_passing_params_via_test_command.py
[2022-11-04T19:40:20.669+0000] {processor.py:766} INFO - DAG(s) dict_keys(['example_passing_params_via_test_command']) retrieved from /home/airflow/.local/lib/python3.7/site-packages/airflow/example_dags/example_passing_params_via_test_command.py
[2022-11-04T19:40:20.777+0000] {logging_mixin.py:120} INFO - [2022-11-04T19:40:20.777+0000] {dag.py:2585} INFO - Sync 1 DAGs
[2022-11-04T19:40:20.810+0000] {logging_mixin.py:120} INFO - [2022-11-04T19:40:20.810+0000] {dag.py:3340} INFO - Setting next_dagrun for example_passing_params_via_test_command to 2022-11-04T19:39:00+00:00, run_after=2022-11-04T19:40:00+00:00
[2022-11-04T19:40:21.165+0000] {processor.py:176} INFO - Processing /home/airflow/.local/lib/python3.7/site-packages/airflow/example_dags/example_passing_params_via_test_command.py took 0.523 seconds
[2022-11-04T19:44:42.368+0000] {processor.py:154} INFO - Started process (PID=435) to work on /home/airflow/.local/lib/python3.7/site-packages/airflow/example_dags/example_passing_params_via_test_command.py
[2022-11-04T19:44:42.371+0000] {processor.py:756} INFO - Processing file /home/airflow/.local/lib/python3.7/site-packages/airflow/example_dags/example_passing_params_via_test_command.py for tasks to queue
[2022-11-04T19:44:42.375+0000] {logging_mixin.py:120} INFO - [2022-11-04T19:44:42.374+0000] {dagbag.py:537} INFO - Filling up the DagBag from /home/airflow/.local/lib/python3.7/site-packages/airflow/example_dags/example_passing_params_via_test_command.py
[2022-11-04T19:44:42.548+0000] {processor.py:766} INFO - DAG(s) dict_keys(['example_passing_params_via_test_command']) retrieved from /home/airflow/.local/lib/python3.7/site-packages/airflow/example_dags/example_passing_params_via_test_command.py
[2022-11-04T19:45:40.080+0000] {processor.py:179} ERROR - Got an exception! Propagating...
Traceback (most recent call last):
  File "/home/airflow/.local/lib/python3.7/site-packages/sqlalchemy/engine/base.py", line 3243, in _wrap_pool_connect
    return fn()
  File "/home/airflow/.local/lib/python3.7/site-packages/sqlalchemy/pool/base.py", line 310, in connect
    return _ConnectionFairy._checkout(self)
  File "/home/airflow/.local/lib/python3.7/site-packages/sqlalchemy/pool/base.py", line 868, in _checkout
    fairy = _ConnectionRecord.checkout(pool)
  File "/home/airflow/.local/lib/python3.7/site-packages/sqlalchemy/pool/base.py", line 476, in checkout
    rec = pool._do_get()
  File "/home/airflow/.local/lib/python3.7/site-packages/sqlalchemy/pool/impl.py", line 146, in _do_get
    self._dec_overflow()
  File "/home/airflow/.local/lib/python3.7/site-packages/sqlalchemy/util/langhelpers.py", line 72, in __exit__
    with_traceback=exc_tb,
  File "/home/airflow/.local/lib/python3.7/site-packages/sqlalchemy/util/compat.py", line 207, in raise_
    raise exception
  File "/home/airflow/.local/lib/python3.7/site-packages/sqlalchemy/pool/impl.py", line 143, in _do_get
    return self._create_connection()
  File "/home/airflow/.local/lib/python3.7/site-packages/sqlalchemy/pool/base.py", line 256, in _create_connection
    return _ConnectionRecord(self)
  File "/home/airflow/.local/lib/python3.7/site-packages/sqlalchemy/pool/base.py", line 371, in __init__
    self.__connect()
  File "/home/airflow/.local/lib/python3.7/site-packages/sqlalchemy/pool/base.py", line 666, in __connect
    pool.logger.debug("Error on connect(): %s", e)
  File "/home/airflow/.local/lib/python3.7/site-packages/sqlalchemy/util/langhelpers.py", line 72, in __exit__
    with_traceback=exc_tb,
  File "/home/airflow/.local/lib/python3.7/site-packages/sqlalchemy/util/compat.py", line 207, in raise_
    raise exception
  File "/home/airflow/.local/lib/python3.7/site-packages/sqlalchemy/pool/base.py", line 661, in __connect
    self.dbapi_connection = connection = pool._invoke_creator(self)
  File "/home/airflow/.local/lib/python3.7/site-packages/sqlalchemy/engine/create.py", line 590, in connect
    return dialect.connect(*cargs, **cparams)
  File "/home/airflow/.local/lib/python3.7/site-packages/sqlalchemy/engine/default.py", line 584, in connect
    return self.dbapi.connect(*cargs, **cparams)
  File "/home/airflow/.local/lib/python3.7/site-packages/psycopg2/__init__.py", line 122, in connect
    conn = _connect(dsn, connection_factory=connection_factory, **kwasync)
psycopg2.OperationalError: could not translate host name "postgres" to address: Temporary failure in name resolution


The above exception was the direct cause of the following exception:

Traceback (most recent call last):
  File "/home/airflow/.local/lib/python3.7/site-packages/airflow/dag_processing/processor.py", line 175, in _run_file_processor
    _handle_dag_file_processing()
  File "/home/airflow/.local/lib/python3.7/site-packages/airflow/dag_processing/processor.py", line 159, in _handle_dag_file_processing
    callback_requests=callback_requests,
  File "/home/airflow/.local/lib/python3.7/site-packages/airflow/utils/session.py", line 75, in wrapper
    return func(*args, session=session, **kwargs)
  File "/home/airflow/.local/lib/python3.7/site-packages/airflow/dag_processing/processor.py", line 781, in process_file
    dagbag.sync_to_db(processor_subdir=self._dag_directory, session=session)
  File "/home/airflow/.local/lib/python3.7/site-packages/airflow/utils/session.py", line 72, in wrapper
    return func(*args, **kwargs)
  File "/home/airflow/.local/lib/python3.7/site-packages/airflow/models/dagbag.py", line 644, in sync_to_db
    for attempt in run_with_db_retries(logger=self.log):
  File "/home/airflow/.local/lib/python3.7/site-packages/tenacity/__init__.py", line 384, in __iter__
    do = self.iter(retry_state=retry_state)
  File "/home/airflow/.local/lib/python3.7/site-packages/tenacity/__init__.py", line 362, in iter
    raise retry_exc.reraise()
  File "/home/airflow/.local/lib/python3.7/site-packages/tenacity/__init__.py", line 195, in reraise
    raise self.last_attempt.result()
  File "/usr/local/lib/python3.7/concurrent/futures/_base.py", line 428, in result
    return self.__get_result()
  File "/usr/local/lib/python3.7/concurrent/futures/_base.py", line 384, in __get_result
    raise self._exception
  File "/home/airflow/.local/lib/python3.7/site-packages/airflow/models/dagbag.py", line 656, in sync_to_db
    serialize_errors.extend(_serialize_dag_capturing_errors(dag, session))
  File "/home/airflow/.local/lib/python3.7/site-packages/airflow/models/dagbag.py", line 630, in _serialize_dag_capturing_errors
    session=session,
  File "/home/airflow/.local/lib/python3.7/site-packages/airflow/utils/session.py", line 72, in wrapper
    return func(*args, **kwargs)
  File "/home/airflow/.local/lib/python3.7/site-packages/airflow/models/serialized_dag.py", line 150, in write_dag
    (timezone.utcnow() - timedelta(seconds=min_update_interval)) < cls.last_updated,
  File "/home/airflow/.local/lib/python3.7/site-packages/sqlalchemy/orm/query.py", line 2810, in first
    return self.limit(1)._iter().first()
  File "/home/airflow/.local/lib/python3.7/site-packages/sqlalchemy/orm/query.py", line 2897, in _iter
    execution_options={"_sa_orm_load_options": self.load_options},
  File "/home/airflow/.local/lib/python3.7/site-packages/sqlalchemy/orm/session.py", line 1688, in execute
    conn = self._connection_for_bind(bind)
  File "/home/airflow/.local/lib/python3.7/site-packages/sqlalchemy/orm/session.py", line 1530, in _connection_for_bind
    engine, execution_options
  File "/home/airflow/.local/lib/python3.7/site-packages/sqlalchemy/orm/session.py", line 747, in _connection_for_bind
    conn = bind.connect()
  File "/home/airflow/.local/lib/python3.7/site-packages/sqlalchemy/engine/base.py", line 3197, in connect
    return self._connection_cls(self, close_with_result=close_with_result)
  File "/home/airflow/.local/lib/python3.7/site-packages/sqlalchemy/engine/base.py", line 96, in __init__
    else engine.raw_connection()
  File "/home/airflow/.local/lib/python3.7/site-packages/sqlalchemy/engine/base.py", line 3276, in raw_connection
    return self._wrap_pool_connect(self.pool.connect, _connection)
  File "/home/airflow/.local/lib/python3.7/site-packages/sqlalchemy/engine/base.py", line 3247, in _wrap_pool_connect
    e, dialect, self
  File "/home/airflow/.local/lib/python3.7/site-packages/sqlalchemy/engine/base.py", line 2101, in _handle_dbapi_exception_noconnection
    sqlalchemy_exception, with_traceback=exc_info[2], from_=e
  File "/home/airflow/.local/lib/python3.7/site-packages/sqlalchemy/util/compat.py", line 207, in raise_
    raise exception
  File "/home/airflow/.local/lib/python3.7/site-packages/sqlalchemy/engine/base.py", line 3243, in _wrap_pool_connect
    return fn()
  File "/home/airflow/.local/lib/python3.7/site-packages/sqlalchemy/pool/base.py", line 310, in connect
    return _ConnectionFairy._checkout(self)
  File "/home/airflow/.local/lib/python3.7/site-packages/sqlalchemy/pool/base.py", line 868, in _checkout
    fairy = _ConnectionRecord.checkout(pool)
  File "/home/airflow/.local/lib/python3.7/site-packages/sqlalchemy/pool/base.py", line 476, in checkout
    rec = pool._do_get()
  File "/home/airflow/.local/lib/python3.7/site-packages/sqlalchemy/pool/impl.py", line 146, in _do_get
    self._dec_overflow()
  File "/home/airflow/.local/lib/python3.7/site-packages/sqlalchemy/util/langhelpers.py", line 72, in __exit__
    with_traceback=exc_tb,
  File "/home/airflow/.local/lib/python3.7/site-packages/sqlalchemy/util/compat.py", line 207, in raise_
    raise exception
  File "/home/airflow/.local/lib/python3.7/site-packages/sqlalchemy/pool/impl.py", line 143, in _do_get
    return self._create_connection()
  File "/home/airflow/.local/lib/python3.7/site-packages/sqlalchemy/pool/base.py", line 256, in _create_connection
    return _ConnectionRecord(self)
  File "/home/airflow/.local/lib/python3.7/site-packages/sqlalchemy/pool/base.py", line 371, in __init__
    self.__connect()
  File "/home/airflow/.local/lib/python3.7/site-packages/sqlalchemy/pool/base.py", line 666, in __connect
    pool.logger.debug("Error on connect(): %s", e)
  File "/home/airflow/.local/lib/python3.7/site-packages/sqlalchemy/util/langhelpers.py", line 72, in __exit__
    with_traceback=exc_tb,
  File "/home/airflow/.local/lib/python3.7/site-packages/sqlalchemy/util/compat.py", line 207, in raise_
    raise exception
  File "/home/airflow/.local/lib/python3.7/site-packages/sqlalchemy/pool/base.py", line 661, in __connect
    self.dbapi_connection = connection = pool._invoke_creator(self)
  File "/home/airflow/.local/lib/python3.7/site-packages/sqlalchemy/engine/create.py", line 590, in connect
    return dialect.connect(*cargs, **cparams)
  File "/home/airflow/.local/lib/python3.7/site-packages/sqlalchemy/engine/default.py", line 584, in connect
    return self.dbapi.connect(*cargs, **cparams)
  File "/home/airflow/.local/lib/python3.7/site-packages/psycopg2/__init__.py", line 122, in connect
    conn = _connect(dsn, connection_factory=connection_factory, **kwasync)
sqlalchemy.exc.OperationalError: (psycopg2.OperationalError) could not translate host name "postgres" to address: Temporary failure in name resolution

(Background on this error at: https://sqlalche.me/e/14/e3q8)
[2022-11-04T19:48:55.331+0000] {processor.py:154} INFO - Started process (PID=477) to work on /home/airflow/.local/lib/python3.7/site-packages/airflow/example_dags/example_passing_params_via_test_command.py
[2022-11-04T19:48:55.333+0000] {processor.py:756} INFO - Processing file /home/airflow/.local/lib/python3.7/site-packages/airflow/example_dags/example_passing_params_via_test_command.py for tasks to queue
[2022-11-04T19:48:55.334+0000] {logging_mixin.py:120} INFO - [2022-11-04T19:48:55.334+0000] {dagbag.py:537} INFO - Filling up the DagBag from /home/airflow/.local/lib/python3.7/site-packages/airflow/example_dags/example_passing_params_via_test_command.py
[2022-11-04T19:48:55.422+0000] {processor.py:766} INFO - DAG(s) dict_keys(['example_passing_params_via_test_command']) retrieved from /home/airflow/.local/lib/python3.7/site-packages/airflow/example_dags/example_passing_params_via_test_command.py
[2022-11-04T19:48:55.484+0000] {logging_mixin.py:120} INFO - [2022-11-04T19:48:55.484+0000] {dag.py:2585} INFO - Sync 1 DAGs
[2022-11-04T19:48:55.524+0000] {logging_mixin.py:120} INFO - [2022-11-04T19:48:55.524+0000] {dag.py:3340} INFO - Setting next_dagrun for example_passing_params_via_test_command to 2022-11-04T19:47:00+00:00, run_after=2022-11-04T19:48:00+00:00
[2022-11-04T19:48:55.657+0000] {processor.py:176} INFO - Processing /home/airflow/.local/lib/python3.7/site-packages/airflow/example_dags/example_passing_params_via_test_command.py took 0.330 seconds
